/mnt/storage/home/sa16246/anaconda2/lib/python2.7/site-packages/sklearn/cross_validation.py:44: DeprecationWarning: This module was deprecated in version 0.18 in favor of the model_selection module into which all the refactored classes and functions are moved. Also note that the interface of the new CV iterators are different from that of this module. This module will be removed in 0.20.
  "This module will be removed in 0.20.", DeprecationWarning)
/mnt/storage/home/sa16246/anaconda2/lib/python2.7/site-packages/sklearn/cross_validation.py:44: DeprecationWarning: This module was deprecated in version 0.18 in favor of the model_selection module into which all the refactored classes and functions are moved. Also note that the interface of the new CV iterators are different from that of this module. This module will be removed in 0.20.
  "This module will be removed in 0.20.", DeprecationWarning)
/mnt/storage/home/sa16246/anaconda2/lib/python2.7/site-packages/sklearn/grid_search.py:43: DeprecationWarning: This module was deprecated in version 0.18 in favor of the model_selection module into which all the refactored classes and functions are moved. This module will be removed in 0.20.
  DeprecationWarning)
/mnt/storage/home/sa16246/anaconda2/lib/python2.7/site-packages/sklearn/grid_search.py:43: DeprecationWarning: This module was deprecated in version 0.18 in favor of the model_selection module into which all the refactored classes and functions are moved. This module will be removed in 0.20.
  DeprecationWarning)
======================================================================
= osprey is a tool for machine learning hyperparameter optimization. =
======================================================================

osprey version:      1.1.0
time:                August 02, 2017 10:42 AM
hostname:            gpu04.bc4.acrc.priv
cwd:                 /mnt/storage/home/sa16246/repositories/trainingNN/optimisation/PBE_B3LYP/PCCM/partial_random
pid:                 32323

======================================================================
= osprey is a tool for machine learning hyperparameter optimization. =
======================================================================

osprey version:      1.1.0
time:                August 02, 2017 10:42 AM
hostname:            gpu05.bc4.acrc.priv
cwd:                 /mnt/storage/home/sa16246/repositories/trainingNN/optimisation/PBE_B3LYP/PCCM/partial_random
pid:                 29261

Loading config file:     config.yaml...
Loading config file:     config.yaml...

Loading dataset...


Loading dataset...

Dataset contains 88755 element(s) with  labels
The elements have shape: [(28,), (28,), (28,), (28,), (28,), (28,), (28,), (28,), (28,), (28,), (28,), (28,), (28,), (28,), (28,), (28,), (28,), (28,), (28,), (28,), ...]
Instantiated estimator:
  MLPRegFlow(alpha=0.0001, batch_size='auto', beta_1=0.9, beta_2=0.999,
      early_stopping=False, epsilon=1e-08, hidden_layer_sizes=(45,),
      learning_rate='constant', learning_rate_init=0.001, max_iter=1000,
      momentum=0.9, n_units=None, nesterovs_momentum=True, power_t=0.5,
      random_state=None, shuffle=True, tol=0.0001, validation_fraction=0.1,
      verbose=False)
Hyperparameter search space:
  alpha                    	(float) 0.000010 <= x <  0.001000
  learning_rate_init       	(float) 0.000100 <= x <  0.000500
  batch_size               	(enum)    choices = (50, 111, 172, 233, 294, 355, 416, 477, 538, 600)
  n_units                  	(int)         30 <= x <= 80

----------------------------------------------------------------------
Beginning iteration                                             1 / 10
----------------------------------------------------------------------
Loading trials database: sqlite:///osprey-trials.db...
Dataset contains 88755 element(s) with  labels
The elements have shape: [(28,), (28,), (28,), (28,), (28,), (28,), (28,), (28,), (28,), (28,), (28,), (28,), (28,), (28,), (28,), (28,), (28,), (28,), (28,), (28,), ...]
Instantiated estimator:
  MLPRegFlow(alpha=0.0001, batch_size='auto', beta_1=0.9, beta_2=0.999,
      early_stopping=False, epsilon=1e-08, hidden_layer_sizes=(45,),
      learning_rate='constant', learning_rate_init=0.001, max_iter=1000,
      momentum=0.9, n_units=None, nesterovs_momentum=True, power_t=0.5,
      random_state=None, shuffle=True, tol=0.0001, validation_fraction=0.1,
      verbose=False)
Hyperparameter search space:
  alpha                    	(float) 0.000010 <= x <  0.001000
  learning_rate_init       	(float) 0.000100 <= x <  0.000500
  batch_size               	(enum)    choices = (50, 111, 172, 233, 294, 355, 416, 477, 538, 600)
  n_units                  	(int)         30 <= x <= 80

----------------------------------------------------------------------
Beginning iteration                                             1 / 10
----------------------------------------------------------------------
Loading trials database: sqlite:///osprey-trials.db...
History contains: 20 trials
Choosing next hyperparameters with gp...
History contains: 20 trials
Choosing next hyperparameters with gp...
  {'alpha': 0.0004737992567768357, 'batch_size': 50, 'learning_rate_init': 0.00035088172845927992, 'n_units': 58}
(gp took 4.298 s)

Starting the fitting process ... 

2017-08-02 10:42:56.116335: W tensorflow/core/platform/cpu_feature_guard.cc:45] The TensorFlow library wasn't compiled to use SSE4.1 instructions, but these are available on your machine and could speed up CPU computations.
2017-08-02 10:42:56.116367: W tensorflow/core/platform/cpu_feature_guard.cc:45] The TensorFlow library wasn't compiled to use SSE4.2 instructions, but these are available on your machine and could speed up CPU computations.
2017-08-02 10:42:56.116390: W tensorflow/core/platform/cpu_feature_guard.cc:45] The TensorFlow library wasn't compiled to use AVX instructions, but these are available on your machine and could speed up CPU computations.
2017-08-02 10:42:56.116395: W tensorflow/core/platform/cpu_feature_guard.cc:45] The TensorFlow library wasn't compiled to use AVX2 instructions, but these are available on your machine and could speed up CPU computations.
2017-08-02 10:42:56.116401: W tensorflow/core/platform/cpu_feature_guard.cc:45] The TensorFlow library wasn't compiled to use FMA instructions, but these are available on your machine and could speed up CPU computations.
2017-08-02 10:42:56.122763: E tensorflow/stream_executor/cuda/cuda_driver.cc:406] failed call to cuInit: CUDA_ERROR_NO_DEVICE
2017-08-02 10:42:56.122813: I tensorflow/stream_executor/cuda/cuda_diagnostics.cc:158] retrieving CUDA diagnostic information for host: gpu05.bc4.acrc.priv
2017-08-02 10:42:56.122821: I tensorflow/stream_executor/cuda/cuda_diagnostics.cc:165] hostname: gpu05.bc4.acrc.priv
2017-08-02 10:42:56.122867: I tensorflow/stream_executor/cuda/cuda_diagnostics.cc:189] libcuda reported version is: 367.48.0
2017-08-02 10:42:56.122896: I tensorflow/stream_executor/cuda/cuda_diagnostics.cc:369] driver version file contents: """NVRM version: NVIDIA UNIX x86_64 Kernel Module  367.48  Sat Sep  3 18:21:08 PDT 2016
GCC version:  gcc version 4.8.5 20150623 (Red Hat 4.8.5-11) (GCC) 
"""
2017-08-02 10:42:56.122916: I tensorflow/stream_executor/cuda/cuda_diagnostics.cc:193] kernel reported version is: 367.48.0
2017-08-02 10:42:56.122924: I tensorflow/stream_executor/cuda/cuda_diagnostics.cc:300] kernel version seems to match DSO: 367.48.0
Completed 0 iterations. 

  {'alpha': 0.00046998036317081839, 'batch_size': 600, 'learning_rate_init': 0.00035823728949939653, 'n_units': 59}
(gp took 5.145 s)

Starting the fitting process ... 

2017-08-02 10:42:57.050586: W tensorflow/core/platform/cpu_feature_guard.cc:45] The TensorFlow library wasn't compiled to use SSE4.1 instructions, but these are available on your machine and could speed up CPU computations.
2017-08-02 10:42:57.050628: W tensorflow/core/platform/cpu_feature_guard.cc:45] The TensorFlow library wasn't compiled to use SSE4.2 instructions, but these are available on your machine and could speed up CPU computations.
2017-08-02 10:42:57.050652: W tensorflow/core/platform/cpu_feature_guard.cc:45] The TensorFlow library wasn't compiled to use AVX instructions, but these are available on your machine and could speed up CPU computations.
2017-08-02 10:42:57.050657: W tensorflow/core/platform/cpu_feature_guard.cc:45] The TensorFlow library wasn't compiled to use AVX2 instructions, but these are available on your machine and could speed up CPU computations.
2017-08-02 10:42:57.050662: W tensorflow/core/platform/cpu_feature_guard.cc:45] The TensorFlow library wasn't compiled to use FMA instructions, but these are available on your machine and could speed up CPU computations.
2017-08-02 10:42:57.057018: E tensorflow/stream_executor/cuda/cuda_driver.cc:406] failed call to cuInit: CUDA_ERROR_NO_DEVICE
2017-08-02 10:42:57.057098: I tensorflow/stream_executor/cuda/cuda_diagnostics.cc:158] retrieving CUDA diagnostic information for host: gpu04.bc4.acrc.priv
2017-08-02 10:42:57.057109: I tensorflow/stream_executor/cuda/cuda_diagnostics.cc:165] hostname: gpu04.bc4.acrc.priv
2017-08-02 10:42:57.057163: I tensorflow/stream_executor/cuda/cuda_diagnostics.cc:189] libcuda reported version is: 367.48.0
2017-08-02 10:42:57.057192: I tensorflow/stream_executor/cuda/cuda_diagnostics.cc:369] driver version file contents: """NVRM version: NVIDIA UNIX x86_64 Kernel Module  367.48  Sat Sep  3 18:21:08 PDT 2016
GCC version:  gcc version 4.8.5 20150623 (Red Hat 4.8.5-11) (GCC) 
"""
2017-08-02 10:42:57.057227: I tensorflow/stream_executor/cuda/cuda_diagnostics.cc:193] kernel reported version is: 367.48.0
2017-08-02 10:42:57.057234: I tensorflow/stream_executor/cuda/cuda_diagnostics.cc:300] kernel version seems to match DSO: 367.48.0
Completed 0 iterations. 

Completed 100 iterations. 

Completed 200 iterations. 

Completed 300 iterations. 

Completed 400 iterations. 

Completed 500 iterations. 

Completed 100 iterations. 

Completed 600 iterations. 

Completed 700 iterations. 

Completed 800 iterations. 

Completed 900 iterations. 

Starting the predictions. 

Starting the predictions. 

Starting the fitting process ... 

Completed 0 iterations. 

Completed 100 iterations. 

Completed 200 iterations. 

Completed 200 iterations. 

Completed 300 iterations. 

Completed 400 iterations. 

Completed 500 iterations. 

Completed 600 iterations. 

Completed 700 iterations. 

Completed 300 iterations. 

Completed 800 iterations. 

Completed 900 iterations. 

Starting the predictions. 

Starting the predictions. 

Starting the fitting process ... 

Completed 0 iterations. 

Completed 100 iterations. 

Completed 200 iterations. 

Completed 300 iterations. 

Completed 400 iterations. 

Completed 400 iterations. 

Completed 500 iterations. 

Completed 600 iterations. 

Completed 700 iterations. 

Completed 800 iterations. 

Completed 500 iterations. 

Completed 900 iterations. 

Starting the predictions. 

Starting the predictions. 

[Parallel(n_jobs=1)]: Done   3 out of   3 | elapsed:  4.5min finished
Loading trials database: sqlite:///osprey-trials.db...
~~~~~~~~~~~~~~~~~~~~~~~~~~~~~~~~~
Success! Model score = 0.954098
(best score so far   = 0.955078)
~~~~~~~~~~~~~~~~~~~~~~~~~~~~~~~~~

----------------------------------------------------------------------
Beginning iteration                                             2 / 10
----------------------------------------------------------------------
Loading trials database: sqlite:///osprey-trials.db...
History contains: 22 trials
Choosing next hyperparameters with gp...
  {'alpha': 0.0008894982268298047, 'batch_size': 233, 'learning_rate_init': 0.0003593799314109238, 'n_units': 72}
(gp took 3.199 s)

Starting the fitting process ... 

Completed 0 iterations. 

Completed 100 iterations. 

Completed 200 iterations. 

Completed 600 iterations. 

Completed 300 iterations. 

Completed 400 iterations. 

Completed 500 iterations. 

Completed 700 iterations. 

Completed 600 iterations. 

Completed 700 iterations. 

Completed 800 iterations. 

Completed 900 iterations. 

Completed 800 iterations. 

Starting the predictions. 

Starting the predictions. 

Starting the fitting process ... 

Completed 0 iterations. 

Completed 100 iterations. 

Completed 200 iterations. 

Completed 900 iterations. 

Completed 300 iterations. 

Completed 400 iterations. 

Completed 500 iterations. 

Completed 600 iterations. 

Starting the predictions. 

Starting the predictions. 

Starting the fitting process ... 

Completed 0 iterations. 

Completed 700 iterations. 

Completed 800 iterations. 

Completed 900 iterations. 

Completed 100 iterations. 

Starting the predictions. 

Starting the predictions. 

Starting the fitting process ... 

Completed 0 iterations. 

Completed 100 iterations. 

Completed 200 iterations. 

Completed 200 iterations. 

Completed 300 iterations. 

Completed 400 iterations. 

Completed 500 iterations. 

Completed 600 iterations. 

Completed 300 iterations. 

Completed 700 iterations. 

Completed 800 iterations. 

Completed 900 iterations. 

Completed 400 iterations. 

Starting the predictions. 

Starting the predictions. 

[Parallel(n_jobs=1)]: Done   3 out of   3 | elapsed:  7.6min finished
Loading trials database: sqlite:///osprey-trials.db...
~~~~~~~~~~~~~~~~~~~~~~~~~~~~~~~~~
Success! Model score = 0.928525
(best score so far   = 0.955078)
~~~~~~~~~~~~~~~~~~~~~~~~~~~~~~~~~

----------------------------------------------------------------------
Beginning iteration                                             3 / 10
----------------------------------------------------------------------
Loading trials database: sqlite:///osprey-trials.db...
History contains: 23 trials
Choosing next hyperparameters with gp...
  {'alpha': 0.0007872861300657624, 'batch_size': 50, 'learning_rate_init': 0.0001454637181567078, 'n_units': 38}
(gp took 3.930 s)

Starting the fitting process ... 

Completed 0 iterations. 

Completed 500 iterations. 

Completed 100 iterations. 

Completed 600 iterations. 

Completed 200 iterations. 

Completed 700 iterations. 

Completed 300 iterations. 

Completed 800 iterations. 

Completed 400 iterations. 

Completed 900 iterations. 

Completed 500 iterations. 

Starting the predictions. 

Starting the predictions. 

Starting the fitting process ... 

Completed 0 iterations. 

Completed 600 iterations. 

Completed 100 iterations. 

Completed 700 iterations. 

Completed 200 iterations. 

Completed 800 iterations. 

Completed 300 iterations. 

Completed 900 iterations. 

Completed 400 iterations. 

Starting the predictions. 

Starting the predictions. 

Starting the fitting process ... 

Completed 0 iterations. 

Completed 500 iterations. 

Completed 100 iterations. 

Completed 600 iterations. 

Completed 200 iterations. 

Completed 700 iterations. 

Completed 300 iterations. 

Completed 800 iterations. 

Completed 400 iterations. 

Completed 900 iterations. 

Completed 500 iterations. 

Starting the predictions. 

Starting the predictions. 

[Parallel(n_jobs=1)]: Done   3 out of   3 | elapsed: 25.9min finished
Loading trials database: sqlite:///osprey-trials.db...
~~~~~~~~~~~~~~~~~~~~~~~~~~~~~~~~~
Success! Model score = 0.905045
(best score so far   = 0.955078)
~~~~~~~~~~~~~~~~~~~~~~~~~~~~~~~~~

----------------------------------------------------------------------
Beginning iteration                                             2 / 10
----------------------------------------------------------------------
Loading trials database: sqlite:///osprey-trials.db...
History contains: 24 trials
Choosing next hyperparameters with gp...
  {'alpha': 0.0008200232291204548, 'batch_size': 600, 'learning_rate_init': 0.00021223562438349572, 'n_units': 38}
(gp took 2.688 s)

Starting the fitting process ... 

Completed 0 iterations. 

Completed 600 iterations. 

Completed 100 iterations. 

Completed 200 iterations. 

Completed 300 iterations. 

Completed 400 iterations. 

Completed 500 iterations. 

Completed 600 iterations. 

Completed 700 iterations. 

Completed 700 iterations. 

Completed 800 iterations. 

Completed 900 iterations. 

Starting the predictions. 

Starting the predictions. 

Starting the fitting process ... 

Completed 0 iterations. 

Completed 100 iterations. 

Completed 200 iterations. 

Completed 800 iterations. 

Completed 300 iterations. 

Completed 400 iterations. 

Completed 500 iterations. 

Completed 600 iterations. 

Completed 700 iterations. 

Completed 800 iterations. 

Completed 900 iterations. 

Completed 900 iterations. 

Starting the predictions. 

Starting the predictions. 

Starting the fitting process ... 

Completed 0 iterations. 

Completed 100 iterations. 

Completed 200 iterations. 

Completed 300 iterations. 

Completed 400 iterations. 

Starting the predictions. 

Starting the predictions. 

Starting the fitting process ... 

Completed 0 iterations. 

Completed 500 iterations. 

Completed 600 iterations. 

Completed 700 iterations. 

Completed 800 iterations. 

Completed 900 iterations. 

Starting the predictions. 

Starting the predictions. 

[Parallel(n_jobs=1)]: Done   3 out of   3 | elapsed:  4.5min finished
Loading trials database: sqlite:///osprey-trials.db...
~~~~~~~~~~~~~~~~~~~~~~~~~~~~~~~~~
Success! Model score = 0.952811
(best score so far   = 0.955078)
~~~~~~~~~~~~~~~~~~~~~~~~~~~~~~~~~

----------------------------------------------------------------------
Beginning iteration                                             3 / 10
----------------------------------------------------------------------
Loading trials database: sqlite:///osprey-trials.db...
History contains: 25 trials
Choosing next hyperparameters with gp...
Completed 100 iterations. 

  {'alpha': 0.0005119876923647868, 'batch_size': 477, 'learning_rate_init': 0.00014565320785940187, 'n_units': 45}
(gp took 4.260 s)

Starting the fitting process ... 

Completed 0 iterations. 

Completed 100 iterations. 

Completed 200 iterations. 

Completed 300 iterations. 

Completed 400 iterations. 

Completed 200 iterations. 

Completed 500 iterations. 

Completed 600 iterations. 

Completed 700 iterations. 

Completed 800 iterations. 

Completed 900 iterations. 

Starting the predictions. 

Starting the predictions. 

Starting the fitting process ... 

Completed 300 iterations. 

Completed 0 iterations. 

Completed 100 iterations. 

Completed 200 iterations. 

Completed 300 iterations. 

Completed 400 iterations. 

Completed 500 iterations. 

Completed 400 iterations. 

Completed 600 iterations. 

Completed 700 iterations. 

Completed 800 iterations. 

Completed 900 iterations. 

Starting the predictions. 

Starting the predictions. 

Starting the fitting process ... 

Completed 0 iterations. 

Completed 500 iterations. 

Completed 100 iterations. 

Completed 200 iterations. 

Completed 300 iterations. 

Completed 400 iterations. 

Completed 500 iterations. 

Completed 600 iterations. 

Completed 600 iterations. 

Completed 700 iterations. 

Completed 800 iterations. 

Completed 900 iterations. 

Starting the predictions. 

Starting the predictions. 

[Parallel(n_jobs=1)]: Done   3 out of   3 | elapsed:  5.0min finished
Loading trials database: sqlite:///osprey-trials.db...
~~~~~~~~~~~~~~~~~~~~~~~~~~~~~~~~~
Success! Model score = 0.948370
(best score so far   = 0.955078)
~~~~~~~~~~~~~~~~~~~~~~~~~~~~~~~~~

----------------------------------------------------------------------
Beginning iteration                                             4 / 10
----------------------------------------------------------------------
Loading trials database: sqlite:///osprey-trials.db...
History contains: 26 trials
Choosing next hyperparameters with gp...
  {'alpha': 0.000555311136319292, 'batch_size': 416, 'learning_rate_init': 0.0004491145006461654, 'n_units': 37}
(gp took 4.874 s)

Starting the fitting process ... 

Completed 0 iterations. 

Completed 700 iterations. 

Completed 100 iterations. 

Completed 200 iterations. 

Completed 300 iterations. 

Completed 400 iterations. 

Completed 800 iterations. 

Completed 500 iterations. 

Completed 600 iterations. 

Completed 700 iterations. 

Completed 800 iterations. 

Completed 900 iterations. 

Completed 900 iterations. 

Starting the predictions. 

Starting the predictions. 

Starting the fitting process ... 

Completed 0 iterations. 

Completed 100 iterations. 

Completed 200 iterations. 

Completed 300 iterations. 

Completed 400 iterations. 

Starting the predictions. 

Starting the predictions. 

[Parallel(n_jobs=1)]: Done   3 out of   3 | elapsed: 26.0min finished
Loading trials database: sqlite:///osprey-trials.db...
~~~~~~~~~~~~~~~~~~~~~~~~~~~~~~~~~
Success! Model score = 0.883704
(best score so far   = 0.955078)
~~~~~~~~~~~~~~~~~~~~~~~~~~~~~~~~~

----------------------------------------------------------------------
Beginning iteration                                             4 / 10
----------------------------------------------------------------------
Loading trials database: sqlite:///osprey-trials.db...
History contains: 27 trials
Choosing next hyperparameters with gp...
Completed 500 iterations. 

  {'alpha': 0.00055293723127701185, 'batch_size': 600, 'learning_rate_init': 0.00031137491570649159, 'n_units': 53}
(gp took 3.906 s)

Starting the fitting process ... 

Completed 0 iterations. 

Completed 100 iterations. 

Completed 600 iterations. 

Completed 200 iterations. 

Completed 700 iterations. 

Completed 300 iterations. 

Completed 800 iterations. 

Completed 400 iterations. 

Completed 900 iterations. 

Completed 500 iterations. 

Starting the predictions. 

Starting the predictions. 

Starting the fitting process ... 

Completed 0 iterations. 

Completed 600 iterations. 

Completed 700 iterations. 

Completed 100 iterations. 

Completed 800 iterations. 

Completed 200 iterations. 

Completed 900 iterations. 

Completed 300 iterations. 

Starting the predictions. 

Starting the predictions. 

Starting the fitting process ... 

Completed 0 iterations. 

Completed 400 iterations. 

Completed 100 iterations. 

Completed 500 iterations. 

Completed 200 iterations. 

Completed 600 iterations. 

Completed 300 iterations. 

Completed 400 iterations. 

Completed 700 iterations. 

Completed 500 iterations. 

Completed 800 iterations. 

Completed 600 iterations. 

Completed 900 iterations. 

Completed 700 iterations. 

Starting the predictions. 

Starting the predictions. 

[Parallel(n_jobs=1)]: Done   3 out of   3 | elapsed:  5.4min finished
Loading trials database: sqlite:///osprey-trials.db...
~~~~~~~~~~~~~~~~~~~~~~~~~~~~~~~~~
Success! Model score = 0.950009
(best score so far   = 0.955078)
~~~~~~~~~~~~~~~~~~~~~~~~~~~~~~~~~

----------------------------------------------------------------------
Beginning iteration                                             5 / 10
----------------------------------------------------------------------
Loading trials database: sqlite:///osprey-trials.db...
History contains: 28 trials
Choosing next hyperparameters with gp...
Completed 800 iterations. 

  {'alpha': 0.00055242698143136669, 'batch_size': 50, 'learning_rate_init': 0.00031163535847360295, 'n_units': 52}
(gp took 4.557 s)

Starting the fitting process ... 

Completed 0 iterations. 

Completed 900 iterations. 

Starting the predictions. 

Starting the predictions. 

Starting the fitting process ... 

Completed 0 iterations. 

Completed 100 iterations. 

Completed 200 iterations. 

Completed 300 iterations. 

Completed 400 iterations. 

Completed 100 iterations. 

Completed 500 iterations. 

Completed 600 iterations. 

Completed 700 iterations. 

Completed 800 iterations. 

Completed 900 iterations. 

Completed 200 iterations. 

Starting the predictions. 

Starting the predictions. 

[Parallel(n_jobs=1)]: Done   3 out of   3 | elapsed:  4.5min finished
Loading trials database: sqlite:///osprey-trials.db...
~~~~~~~~~~~~~~~~~~~~~~~~~~~~~~~~~
Success! Model score = 0.952763
(best score so far   = 0.955078)
~~~~~~~~~~~~~~~~~~~~~~~~~~~~~~~~~

----------------------------------------------------------------------
Beginning iteration                                             5 / 10
----------------------------------------------------------------------
Loading trials database: sqlite:///osprey-trials.db...
History contains: 29 trials
Choosing next hyperparameters with gp...
  {'alpha': 0.0005584105841617868, 'batch_size': 600, 'learning_rate_init': 0.00021150838938504754, 'n_units': 63}
(gp took 4.064 s)

Starting the fitting process ... 

Completed 0 iterations. 

Completed 100 iterations. 

Completed 200 iterations. 

Completed 300 iterations. 

Completed 400 iterations. 

Completed 500 iterations. 

Completed 300 iterations. 

Completed 600 iterations. 

Completed 700 iterations. 

Completed 800 iterations. 

Completed 900 iterations. 

Starting the predictions. 

Starting the predictions. 

Starting the fitting process ... 

Completed 0 iterations. 

Completed 400 iterations. 

Completed 100 iterations. 

Completed 200 iterations. 

Completed 300 iterations. 

Completed 400 iterations. 

Completed 500 iterations. 

Completed 600 iterations. 

Completed 500 iterations. 

Completed 700 iterations. 

Completed 800 iterations. 

Completed 900 iterations. 

Starting the predictions. 

Starting the predictions. 

Starting the fitting process ... 

Completed 0 iterations. 

Completed 100 iterations. 

Completed 200 iterations. 

Completed 600 iterations. 

Completed 300 iterations. 

Completed 400 iterations. 

Completed 500 iterations. 

Completed 600 iterations. 

Completed 700 iterations. 

Completed 700 iterations. 

Completed 800 iterations. 

Completed 900 iterations. 

Starting the predictions. 

Starting the predictions. 

[Parallel(n_jobs=1)]: Done   3 out of   3 | elapsed:  4.5min finished
Loading trials database: sqlite:///osprey-trials.db...
~~~~~~~~~~~~~~~~~~~~~~~~~~~~~~~~~
Success! Model score = 0.951315
(best score so far   = 0.955078)
~~~~~~~~~~~~~~~~~~~~~~~~~~~~~~~~~

----------------------------------------------------------------------
Beginning iteration                                             6 / 10
----------------------------------------------------------------------
Loading trials database: sqlite:///osprey-trials.db...
History contains: 30 trials
Choosing next hyperparameters with gp...
  {'alpha': 0.00055561181604987016, 'batch_size': 600, 'learning_rate_init': 0.00031572379316742444, 'n_units': 53}
(gp took 4.887 s)

Starting the fitting process ... 

Completed 0 iterations. 

Completed 100 iterations. 

Completed 200 iterations. 

Completed 800 iterations. 

Completed 300 iterations. 

Completed 400 iterations. 

Completed 500 iterations. 

Completed 600 iterations. 

Completed 700 iterations. 

Completed 800 iterations. 

Completed 900 iterations. 

Completed 900 iterations. 

Starting the predictions. 

Starting the predictions. 

Starting the fitting process ... 

Completed 0 iterations. 

Completed 100 iterations. 

Completed 200 iterations. 

Completed 300 iterations. 

Completed 400 iterations. 

Starting the predictions. 

Starting the predictions. 

Starting the fitting process ... 

Completed 0 iterations. 

Completed 500 iterations. 

Completed 600 iterations. 

Completed 700 iterations. 

Completed 800 iterations. 

Completed 900 iterations. 

Starting the predictions. 

Starting the predictions. 

Starting the fitting process ... 

Completed 0 iterations. 

Completed 100 iterations. 

Completed 100 iterations. 

Completed 200 iterations. 

Completed 300 iterations. 

Completed 400 iterations. 

Completed 500 iterations. 

Completed 200 iterations. 

Completed 600 iterations. 

Completed 700 iterations. 

Completed 800 iterations. 

Completed 900 iterations. 

Starting the predictions. 

Starting the predictions. 

[Parallel(n_jobs=1)]: Done   3 out of   3 | elapsed:  4.5min finished
Loading trials database: sqlite:///osprey-trials.db...
~~~~~~~~~~~~~~~~~~~~~~~~~~~~~~~~~
Success! Model score = 0.951982
(best score so far   = 0.955078)
~~~~~~~~~~~~~~~~~~~~~~~~~~~~~~~~~

----------------------------------------------------------------------
Beginning iteration                                             7 / 10
----------------------------------------------------------------------
Loading trials database: sqlite:///osprey-trials.db...
History contains: 31 trials
Choosing next hyperparameters with gp...
  {'alpha': 0.00054857405093436742, 'batch_size': 600, 'learning_rate_init': 0.00031225764676463754, 'n_units': 53}
(gp took 3.822 s)

Starting the fitting process ... 

Completed 0 iterations. 

Completed 300 iterations. 

Completed 100 iterations. 

Completed 200 iterations. 

Completed 300 iterations. 

Completed 400 iterations. 

Completed 500 iterations. 

Completed 600 iterations. 

Completed 400 iterations. 

Completed 700 iterations. 

Completed 800 iterations. 

Completed 900 iterations. 

Starting the predictions. 

Starting the predictions. 

Starting the fitting process ... 

Completed 0 iterations. 

Completed 100 iterations. 

Completed 200 iterations. 

Completed 500 iterations. 

Completed 300 iterations. 

Completed 400 iterations. 

Completed 500 iterations. 

Completed 600 iterations. 

Completed 700 iterations. 

Completed 600 iterations. 

Completed 800 iterations. 

Completed 900 iterations. 

Starting the predictions. 

Starting the predictions. 

Starting the fitting process ... 

Completed 0 iterations. 

Completed 100 iterations. 

Completed 200 iterations. 

Completed 300 iterations. 

Completed 700 iterations. 

Completed 400 iterations. 

Completed 500 iterations. 

Completed 600 iterations. 

Completed 700 iterations. 

Completed 800 iterations. 

Completed 900 iterations. 

Completed 800 iterations. 

Starting the predictions. 

Starting the predictions. 

[Parallel(n_jobs=1)]: Done   3 out of   3 | elapsed:  4.5min finished
Loading trials database: sqlite:///osprey-trials.db...
~~~~~~~~~~~~~~~~~~~~~~~~~~~~~~~~~
Success! Model score = 0.952163
(best score so far   = 0.955078)
~~~~~~~~~~~~~~~~~~~~~~~~~~~~~~~~~

----------------------------------------------------------------------
Beginning iteration                                             8 / 10
----------------------------------------------------------------------
Loading trials database: sqlite:///osprey-trials.db...
History contains: 32 trials
Choosing next hyperparameters with gp...
  {'alpha': 0.0006744868747470116, 'batch_size': 50, 'learning_rate_init': 0.0003170164688896303, 'n_units': 53}
(gp took 2.979 s)

Starting the fitting process ... 

Completed 0 iterations. 

Completed 900 iterations. 

Completed 100 iterations. 

Starting the predictions. 

Starting the predictions. 

Starting the fitting process ... 

Completed 0 iterations. 

Completed 200 iterations. 

Completed 100 iterations. 

Completed 300 iterations. 

Completed 200 iterations. 

Completed 400 iterations. 

Completed 300 iterations. 

Completed 500 iterations. 

Completed 400 iterations. 

Completed 600 iterations. 

Completed 500 iterations. 

Completed 700 iterations. 

Completed 600 iterations. 

Completed 800 iterations. 

Completed 700 iterations. 

Completed 900 iterations. 

Completed 800 iterations. 

Starting the predictions. 

Starting the predictions. 

Starting the fitting process ... 

Completed 0 iterations. 

Completed 900 iterations. 

Completed 100 iterations. 

Starting the predictions. 

Starting the predictions. 

[Parallel(n_jobs=1)]: Done   3 out of   3 | elapsed: 25.6min finished
Loading trials database: sqlite:///osprey-trials.db...
~~~~~~~~~~~~~~~~~~~~~~~~~~~~~~~~~
Success! Model score = 0.918659
(best score so far   = 0.955078)
~~~~~~~~~~~~~~~~~~~~~~~~~~~~~~~~~

----------------------------------------------------------------------
Beginning iteration                                             6 / 10
----------------------------------------------------------------------
Loading trials database: sqlite:///osprey-trials.db...
History contains: 33 trials
Choosing next hyperparameters with gp...
  {'alpha': 2.077619132997053e-05, 'batch_size': 294, 'learning_rate_init': 0.0002461116074701575, 'n_units': 39}
(gp took 4.047 s)

Starting the fitting process ... 

Completed 0 iterations. 

Completed 100 iterations. 

Completed 200 iterations. 

Completed 200 iterations. 

Completed 300 iterations. 

Completed 400 iterations. 

Completed 500 iterations. 

Completed 300 iterations. 

Completed 600 iterations. 

Completed 700 iterations. 

Completed 800 iterations. 

Completed 900 iterations. 

Completed 400 iterations. 

Starting the predictions. 

Starting the predictions. 

Starting the fitting process ... 

Completed 0 iterations. 

Completed 100 iterations. 

Completed 200 iterations. 

Completed 300 iterations. 

Completed 500 iterations. 

Completed 400 iterations. 

Completed 500 iterations. 

Completed 600 iterations. 

Completed 700 iterations. 

Completed 600 iterations. 

Completed 800 iterations. 

Completed 900 iterations. 

Starting the predictions. 

Starting the predictions. 

Starting the fitting process ... 

Completed 0 iterations. 

Completed 100 iterations. 

Completed 700 iterations. 

Completed 200 iterations. 

Completed 300 iterations. 

Completed 400 iterations. 

Completed 500 iterations. 

Completed 800 iterations. 

Completed 600 iterations. 

Completed 700 iterations. 

Completed 800 iterations. 

Completed 900 iterations. 

Completed 900 iterations. 

Starting the predictions. 

Starting the predictions. 

[Parallel(n_jobs=1)]: Done   3 out of   3 | elapsed:  6.5min finished
Loading trials database: sqlite:///osprey-trials.db...
~~~~~~~~~~~~~~~~~~~~~~~~~~~~~~~~~
Success! Model score = 0.942226
(best score so far   = 0.955078)
~~~~~~~~~~~~~~~~~~~~~~~~~~~~~~~~~

----------------------------------------------------------------------
Beginning iteration                                             7 / 10
----------------------------------------------------------------------
Loading trials database: sqlite:///osprey-trials.db...
History contains: 34 trials
Choosing next hyperparameters with gp...
  {'alpha': 0.00033081534998085325, 'batch_size': 233, 'learning_rate_init': 0.00046467797198109986, 'n_units': 36}
(gp took 3.849 s)

Starting the fitting process ... 

Completed 0 iterations. 

Completed 100 iterations. 

Completed 200 iterations. 

Starting the predictions. 

Starting the predictions. 

Starting the fitting process ... 

Completed 300 iterations. 

Completed 0 iterations. 

Completed 400 iterations. 

Completed 500 iterations. 

Completed 600 iterations. 

Completed 100 iterations. 

Completed 700 iterations. 

Completed 800 iterations. 

Completed 900 iterations. 

Completed 200 iterations. 

Starting the predictions. 

Starting the predictions. 

Starting the fitting process ... 

Completed 0 iterations. 

Completed 100 iterations. 

Completed 200 iterations. 

Completed 300 iterations. 

Completed 300 iterations. 

Completed 400 iterations. 

Completed 500 iterations. 

Completed 600 iterations. 

Completed 400 iterations. 

Completed 700 iterations. 

Completed 800 iterations. 

Completed 900 iterations. 

Starting the predictions. 

Starting the predictions. 

Starting the fitting process ... 

Completed 0 iterations. 

Completed 500 iterations. 

Completed 100 iterations. 

Completed 200 iterations. 

Completed 300 iterations. 

Completed 600 iterations. 

Completed 400 iterations. 

Completed 500 iterations. 

Completed 600 iterations. 

Completed 700 iterations. 

Completed 700 iterations. 

Completed 800 iterations. 

Completed 900 iterations. 

Starting the predictions. 

Starting the predictions. 

[Parallel(n_jobs=1)]: Done   3 out of   3 | elapsed:  7.6min finished
Loading trials database: sqlite:///osprey-trials.db...
~~~~~~~~~~~~~~~~~~~~~~~~~~~~~~~~~
Success! Model score = 0.938721
(best score so far   = 0.955078)
~~~~~~~~~~~~~~~~~~~~~~~~~~~~~~~~~

----------------------------------------------------------------------
Beginning iteration                                             8 / 10
----------------------------------------------------------------------
Loading trials database: sqlite:///osprey-trials.db...
History contains: 35 trials
Choosing next hyperparameters with gp...
  {'alpha': 0.0003943148520416754, 'batch_size': 233, 'learning_rate_init': 0.00028561125011201586, 'n_units': 68}
(gp took 3.877 s)

Starting the fitting process ... 

Completed 0 iterations. 

Completed 800 iterations. 

Completed 100 iterations. 

Completed 200 iterations. 

Completed 300 iterations. 

Completed 900 iterations. 

Completed 400 iterations. 

Completed 500 iterations. 

Completed 600 iterations. 

Completed 700 iterations. 

Starting the predictions. 

Starting the predictions. 

[Parallel(n_jobs=1)]: Done   3 out of   3 | elapsed: 26.1min finished
Loading trials database: sqlite:///osprey-trials.db...
~~~~~~~~~~~~~~~~~~~~~~~~~~~~~~~~~
Success! Model score = 0.901871
(best score so far   = 0.955078)
~~~~~~~~~~~~~~~~~~~~~~~~~~~~~~~~~

----------------------------------------------------------------------
Beginning iteration                                             9 / 10
----------------------------------------------------------------------
Loading trials database: sqlite:///osprey-trials.db...
History contains: 36 trials
Choosing next hyperparameters with gp...
  {'alpha': 0.00048255628555298299, 'batch_size': 600, 'learning_rate_init': 0.00030420607941251401, 'n_units': 52}
(gp took 4.973 s)

Starting the fitting process ... 

Completed 0 iterations. 

Completed 800 iterations. 

Completed 100 iterations. 

Completed 200 iterations. 

Completed 900 iterations. 

Completed 300 iterations. 

Completed 400 iterations. 

Starting the predictions. 

Starting the predictions. 

Starting the fitting process ... 

Completed 0 iterations. 

Completed 500 iterations. 

Completed 100 iterations. 

Completed 600 iterations. 

Completed 700 iterations. 

Completed 200 iterations. 

Completed 800 iterations. 

Completed 900 iterations. 

Completed 300 iterations. 

Starting the predictions. 

Starting the predictions. 

Starting the fitting process ... 

Completed 0 iterations. 

Completed 400 iterations. 

Completed 100 iterations. 

Completed 200 iterations. 

Completed 500 iterations. 

Completed 300 iterations. 

Completed 400 iterations. 

Completed 600 iterations. 

Completed 500 iterations. 

Completed 700 iterations. 

Completed 600 iterations. 

Completed 700 iterations. 

Completed 800 iterations. 

Completed 800 iterations. 

Completed 900 iterations. 

Completed 900 iterations. 

Starting the predictions. 

Starting the predictions. 

Starting the fitting process ... 

Completed 0 iterations. 

Starting the predictions. 

Starting the predictions. 

Starting the fitting process ... 

Completed 0 iterations. 

Completed 100 iterations. 

Completed 200 iterations. 

Completed 100 iterations. 

Completed 300 iterations. 

Completed 400 iterations. 

Completed 200 iterations. 

Completed 500 iterations. 

Completed 300 iterations. 

Completed 600 iterations. 

Completed 700 iterations. 

Completed 400 iterations. 

Completed 800 iterations. 

Completed 900 iterations. 

Completed 500 iterations. 

Starting the predictions. 

Starting the predictions. 

[Parallel(n_jobs=1)]: Done   3 out of   3 | elapsed:  4.5min finished
Loading trials database: sqlite:///osprey-trials.db...
~~~~~~~~~~~~~~~~~~~~~~~~~~~~~~~~~
Success! Model score = 0.953994
(best score so far   = 0.955078)
~~~~~~~~~~~~~~~~~~~~~~~~~~~~~~~~~

----------------------------------------------------------------------
Beginning iteration                                            10 / 10
----------------------------------------------------------------------
Loading trials database: sqlite:///osprey-trials.db...
History contains: 37 trials
Choosing next hyperparameters with gp...
  {'alpha': 0.0004886014613307946, 'batch_size': 50, 'learning_rate_init': 0.00029898102992910935, 'n_units': 52}
(gp took 4.483 s)

Starting the fitting process ... 

Completed 0 iterations. 

Completed 600 iterations. 

Completed 700 iterations. 

Completed 800 iterations. 

Completed 900 iterations. 

Completed 100 iterations. 

Starting the predictions. 

Starting the predictions. 

[Parallel(n_jobs=1)]: Done   3 out of   3 | elapsed:  7.5min finished
Loading trials database: sqlite:///osprey-trials.db...
~~~~~~~~~~~~~~~~~~~~~~~~~~~~~~~~~
Success! Model score = 0.933072
(best score so far   = 0.955078)
~~~~~~~~~~~~~~~~~~~~~~~~~~~~~~~~~

----------------------------------------------------------------------
Beginning iteration                                             9 / 10
----------------------------------------------------------------------
Loading trials database: sqlite:///osprey-trials.db...
History contains: 38 trials
Choosing next hyperparameters with gp...
  {'alpha': 0.00049142707535929726, 'batch_size': 600, 'learning_rate_init': 0.00030464306327650047, 'n_units': 52}
(gp took 3.870 s)

Starting the fitting process ... 

Completed 0 iterations. 

Completed 100 iterations. 

Completed 200 iterations. 

Completed 300 iterations. 

Completed 400 iterations. 

Completed 200 iterations. 

Completed 500 iterations. 

Completed 600 iterations. 

Completed 700 iterations. 

Completed 800 iterations. 

Completed 900 iterations. 

Completed 300 iterations. 

Starting the predictions. 

Starting the predictions. 

Starting the fitting process ... 

Completed 0 iterations. 

Completed 100 iterations. 

Completed 200 iterations. 

Completed 300 iterations. 

Completed 400 iterations. 

Completed 500 iterations. 

Completed 400 iterations. 

Completed 600 iterations. 

Completed 700 iterations. 

Completed 800 iterations. 

Completed 900 iterations. 

Starting the predictions. 

Starting the predictions. 

Starting the fitting process ... 

Completed 0 iterations. 

Completed 100 iterations. 

Completed 500 iterations. 

Completed 200 iterations. 

Completed 300 iterations. 

Completed 400 iterations. 

Completed 500 iterations. 

Completed 600 iterations. 

Completed 700 iterations. 

Completed 600 iterations. 

Completed 800 iterations. 

Completed 900 iterations. 

Starting the predictions. 

Starting the predictions. 

[Parallel(n_jobs=1)]: Done   3 out of   3 | elapsed:  4.5min finished
Loading trials database: sqlite:///osprey-trials.db...
~~~~~~~~~~~~~~~~~~~~~~~~~~~~~~~~~
Success! Model score = 0.953884
(best score so far   = 0.955078)
~~~~~~~~~~~~~~~~~~~~~~~~~~~~~~~~~

----------------------------------------------------------------------
Beginning iteration                                            10 / 10
----------------------------------------------------------------------
Loading trials database: sqlite:///osprey-trials.db...
History contains: 39 trials
Choosing next hyperparameters with gp...
  {'alpha': 0.00049261470831162436, 'batch_size': 600, 'learning_rate_init': 0.00030370996139155099, 'n_units': 52}
(gp took 4.608 s)

Starting the fitting process ... 

Completed 0 iterations. 

Completed 100 iterations. 

Completed 200 iterations. 

Completed 700 iterations. 

Completed 300 iterations. 

Completed 400 iterations. 

Completed 500 iterations. 

Completed 600 iterations. 

Completed 700 iterations. 

Completed 800 iterations. 

Completed 800 iterations. 

Completed 900 iterations. 

Starting the predictions. 

Starting the predictions. 

Starting the fitting process ... 

Completed 0 iterations. 

Completed 100 iterations. 

Completed 200 iterations. 

Completed 300 iterations. 

Completed 900 iterations. 

Completed 400 iterations. 

Completed 500 iterations. 

Completed 600 iterations. 

Completed 700 iterations. 

Completed 800 iterations. 

Completed 900 iterations. 

Starting the predictions. 

Starting the predictions. 

Starting the fitting process ... 

Completed 0 iterations. 

Starting the predictions. 

Starting the predictions. 

Starting the fitting process ... 

Completed 0 iterations. 

Completed 100 iterations. 

Completed 200 iterations. 

Completed 300 iterations. 

Completed 400 iterations. 

Completed 500 iterations. 

Completed 100 iterations. 

Completed 600 iterations. 

Completed 700 iterations. 

Completed 800 iterations. 

Completed 900 iterations. 

Starting the predictions. 

Starting the predictions. 

[Parallel(n_jobs=1)]: Done   3 out of   3 | elapsed:  4.6min finished
Loading trials database: sqlite:///osprey-trials.db...
~~~~~~~~~~~~~~~~~~~~~~~~~~~~~~~~~
Success! Model score = 0.955575
(best score so far   = 0.955575)
~~~~~~~~~~~~~~~~~~~~~~~~~~~~~~~~~

10/10 models fit successfully.
time:         August 02, 2017 12:20 PM
elapsed:      1 hour, 38 minutes, 6 seconds.
osprey worker exiting.
Completed 200 iterations. 

Completed 300 iterations. 

Completed 400 iterations. 

Completed 500 iterations. 

Completed 600 iterations. 

Completed 700 iterations. 

Completed 800 iterations. 

Completed 900 iterations. 

Starting the predictions. 

Starting the predictions. 

Starting the fitting process ... 

Completed 0 iterations. 

Completed 100 iterations. 

Completed 200 iterations. 

Completed 300 iterations. 

Completed 400 iterations. 

Completed 500 iterations. 

Completed 600 iterations. 

Completed 700 iterations. 

Completed 800 iterations. 

Completed 900 iterations. 

Starting the predictions. 

Starting the predictions. 

[Parallel(n_jobs=1)]: Done   3 out of   3 | elapsed: 25.9min finished
Loading trials database: sqlite:///osprey-trials.db...
~~~~~~~~~~~~~~~~~~~~~~~~~~~~~~~~~
Success! Model score = 0.906905
(best score so far   = 0.955575)
~~~~~~~~~~~~~~~~~~~~~~~~~~~~~~~~~

10/10 models fit successfully.
time:         August 02, 2017 12:36 PM
elapsed:      1 hour, 53 minutes, 43 seconds.
osprey worker exiting.
