2017-07-12 12:29:13.778607: W tensorflow/core/platform/cpu_feature_guard.cc:45] The TensorFlow library wasn't compiled to use SSE4.1 instructions, but these are available on your machine and could speed up CPU computations.
2017-07-12 12:29:13.780147: W tensorflow/core/platform/cpu_feature_guard.cc:45] The TensorFlow library wasn't compiled to use SSE4.2 instructions, but these are available on your machine and could speed up CPU computations.
2017-07-12 12:29:13.780178: W tensorflow/core/platform/cpu_feature_guard.cc:45] The TensorFlow library wasn't compiled to use AVX instructions, but these are available on your machine and could speed up CPU computations.
2017-07-12 12:29:13.780190: W tensorflow/core/platform/cpu_feature_guard.cc:45] The TensorFlow library wasn't compiled to use AVX2 instructions, but these are available on your machine and could speed up CPU computations.
2017-07-12 12:29:13.780201: W tensorflow/core/platform/cpu_feature_guard.cc:45] The TensorFlow library wasn't compiled to use FMA instructions, but these are available on your machine and could speed up CPU computations.
2017-07-12 12:29:13.787518: E tensorflow/stream_executor/cuda/cuda_driver.cc:406] failed call to cuInit: CUDA_ERROR_NO_DEVICE
2017-07-12 12:29:13.787569: I tensorflow/stream_executor/cuda/cuda_diagnostics.cc:158] retrieving CUDA diagnostic information for host: gpu04.bc4.acrc.priv
2017-07-12 12:29:13.787584: I tensorflow/stream_executor/cuda/cuda_diagnostics.cc:165] hostname: gpu04.bc4.acrc.priv
2017-07-12 12:29:13.787633: I tensorflow/stream_executor/cuda/cuda_diagnostics.cc:189] libcuda reported version is: 367.48.0
2017-07-12 12:29:13.787668: I tensorflow/stream_executor/cuda/cuda_diagnostics.cc:369] driver version file contents: """NVRM version: NVIDIA UNIX x86_64 Kernel Module  367.48  Sat Sep  3 18:21:08 PDT 2016
GCC version:  gcc version 4.8.5 20150623 (Red Hat 4.8.5-11) (GCC) 
"""
2017-07-12 12:29:13.787695: I tensorflow/stream_executor/cuda/cuda_diagnostics.cc:193] kernel reported version is: 367.48.0
2017-07-12 12:29:13.787710: I tensorflow/stream_executor/cuda/cuda_diagnostics.cc:300] kernel version seems to match DSO: 367.48.0
Started the procedure with 500 samples
Initialised the Coulomb matrix. 

Generated 500 by 500 distance matrix.
Initialised the Coulomb matrix. 

Initialised the Coulomb matrix. 

Starting the fitting process ... 

Completed 0 iterations. 

Completed 100 iterations. 

Completed 200 iterations. 

Completed 300 iterations. 

Completed 400 iterations. 

Completed 500 iterations. 

Completed 600 iterations. 

Completed 700 iterations. 

Completed 800 iterations. 

Completed 900 iterations. 

Completed 1000 iterations. 

Completed 1100 iterations. 

Completed 1200 iterations. 

Completed 1300 iterations. 

Completed 1400 iterations. 

Completed 1500 iterations. 

Completed 1600 iterations. 

Completed 1700 iterations. 

Completed 1800 iterations. 

Completed 1900 iterations. 

For the training with 500 data points:
Starting the predictions. 

On test set:
R^2: 0.969632450896
rmse (kJ/mol): 8.22921356997
mae (kJ/mol): 6.8892391656
The largest positive outlier (kJ/mol): 19.9741996223
The largest negative outlier (kJ/mol): 20.2212960712
Started the procedure with 1000 samples
Initialised the Coulomb matrix. 

Generated 1000 by 1000 distance matrix.
Initialised the Coulomb matrix. 

Initialised the Coulomb matrix. 

Starting the fitting process ... 

Completed 0 iterations. 

Completed 100 iterations. 

Completed 200 iterations. 

Completed 300 iterations. 

Completed 400 iterations. 

Completed 500 iterations. 

Completed 600 iterations. 

Completed 700 iterations. 

Completed 800 iterations. 

Completed 900 iterations. 

Completed 1000 iterations. 

Completed 1100 iterations. 

Completed 1200 iterations. 

Completed 1300 iterations. 

Completed 1400 iterations. 

Completed 1500 iterations. 

Completed 1600 iterations. 

Completed 1700 iterations. 

Completed 1800 iterations. 

Completed 1900 iterations. 

For the training with 1000 data points:
Starting the predictions. 

On test set:
R^2: 0.966604690239
rmse (kJ/mol): 8.38440381182
mae (kJ/mol): 6.5861270414
The largest positive outlier (kJ/mol): 25.6638204358
The largest negative outlier (kJ/mol): 19.8505344631
