2017-07-12 10:31:39.871076: W tensorflow/core/platform/cpu_feature_guard.cc:45] The TensorFlow library wasn't compiled to use SSE4.1 instructions, but these are available on your machine and could speed up CPU computations.
2017-07-12 10:31:39.871267: W tensorflow/core/platform/cpu_feature_guard.cc:45] The TensorFlow library wasn't compiled to use SSE4.2 instructions, but these are available on your machine and could speed up CPU computations.
2017-07-12 10:31:39.871289: W tensorflow/core/platform/cpu_feature_guard.cc:45] The TensorFlow library wasn't compiled to use AVX instructions, but these are available on your machine and could speed up CPU computations.
2017-07-12 10:31:39.871303: W tensorflow/core/platform/cpu_feature_guard.cc:45] The TensorFlow library wasn't compiled to use AVX2 instructions, but these are available on your machine and could speed up CPU computations.
2017-07-12 10:31:39.871315: W tensorflow/core/platform/cpu_feature_guard.cc:45] The TensorFlow library wasn't compiled to use FMA instructions, but these are available on your machine and could speed up CPU computations.
2017-07-12 10:31:39.878378: E tensorflow/stream_executor/cuda/cuda_driver.cc:406] failed call to cuInit: CUDA_ERROR_NO_DEVICE
2017-07-12 10:31:39.878451: I tensorflow/stream_executor/cuda/cuda_diagnostics.cc:158] retrieving CUDA diagnostic information for host: gpu04.bc4.acrc.priv
2017-07-12 10:31:39.878494: I tensorflow/stream_executor/cuda/cuda_diagnostics.cc:165] hostname: gpu04.bc4.acrc.priv
2017-07-12 10:31:39.878556: I tensorflow/stream_executor/cuda/cuda_diagnostics.cc:189] libcuda reported version is: 367.48.0
2017-07-12 10:31:39.878602: I tensorflow/stream_executor/cuda/cuda_diagnostics.cc:369] driver version file contents: """NVRM version: NVIDIA UNIX x86_64 Kernel Module  367.48  Sat Sep  3 18:21:08 PDT 2016
GCC version:  gcc version 4.8.5 20150623 (Red Hat 4.8.5-11) (GCC) 
"""
2017-07-12 10:31:39.878647: I tensorflow/stream_executor/cuda/cuda_diagnostics.cc:193] kernel reported version is: 367.48.0
2017-07-12 10:31:39.878663: I tensorflow/stream_executor/cuda/cuda_diagnostics.cc:300] kernel version seems to match DSO: 367.48.0
Initialised the Coulomb matrix. 

Initialised the Coulomb matrix. 

Initialised the Coulomb matrix. 

Starting the fitting process ... 

Completed 0 iterations. 

Completed 100 iterations. 

Completed 200 iterations. 

Completed 300 iterations. 

Completed 400 iterations. 

Completed 500 iterations. 

Completed 600 iterations. 

Completed 700 iterations. 

Completed 800 iterations. 

Completed 900 iterations. 

Completed 1000 iterations. 

Completed 1100 iterations. 

Completed 1200 iterations. 

Completed 1300 iterations. 

Completed 1400 iterations. 

Completed 1500 iterations. 

Completed 1600 iterations. 

Completed 1700 iterations. 

Completed 1800 iterations. 

Completed 1900 iterations. 

For the training with 1000data points:
Starting the predictions. 

On test set:
R^2: 0.959092169811
rmse (kJ/mol): 9.13911288796
mae (kJ/mol): 7.15420815692
The largest positive outlier (kJ/mol): 24.9203763728
The largest negative outlier (kJ/mol): 22.3145483665
Initialised the Coulomb matrix. 

Initialised the Coulomb matrix. 

Initialised the Coulomb matrix. 

Starting the fitting process ... 

Completed 0 iterations. 

Completed 100 iterations. 

Completed 200 iterations. 

Completed 300 iterations. 

Completed 400 iterations. 

Completed 500 iterations. 

Completed 600 iterations. 

Completed 700 iterations. 

Completed 800 iterations. 

Completed 900 iterations. 

Completed 1000 iterations. 

Completed 1100 iterations. 

Completed 1200 iterations. 

Completed 1300 iterations. 

Completed 1400 iterations. 

Completed 1500 iterations. 

Completed 1600 iterations. 

Completed 1700 iterations. 

Completed 1800 iterations. 

Completed 1900 iterations. 

For the training with 5000data points:
Starting the predictions. 

On test set:
R^2: 0.959735109014
rmse (kJ/mol): 9.0670097638
mae (kJ/mol): 7.086546101
The largest positive outlier (kJ/mol): 24.8454691769
The largest negative outlier (kJ/mol): 22.6610130849
Initialised the Coulomb matrix. 

Initialised the Coulomb matrix. 

Initialised the Coulomb matrix. 

Starting the fitting process ... 

Completed 0 iterations. 

Completed 100 iterations. 

Completed 200 iterations. 

Completed 300 iterations. 

Completed 400 iterations. 

Completed 500 iterations. 

Completed 600 iterations. 

Completed 700 iterations. 

Completed 800 iterations. 

Completed 900 iterations. 

Completed 1000 iterations. 

Completed 1100 iterations. 

Completed 1200 iterations. 

Completed 1300 iterations. 

Completed 1400 iterations. 

Completed 1500 iterations. 

Completed 1600 iterations. 

Completed 1700 iterations. 

Completed 1800 iterations. 

Completed 1900 iterations. 

For the training with 10000data points:
Starting the predictions. 

On test set:
R^2: 0.956700999219
rmse (kJ/mol): 9.40242237591
mae (kJ/mol): 7.30831517684
The largest positive outlier (kJ/mol): 24.9581300666
The largest negative outlier (kJ/mol): 22.8933462354
Initialised the Coulomb matrix. 

Initialised the Coulomb matrix. 

Initialised the Coulomb matrix. 

Starting the fitting process ... 

Completed 0 iterations. 

Completed 100 iterations. 

Completed 200 iterations. 

Completed 300 iterations. 

Completed 400 iterations. 

Completed 500 iterations. 

Completed 600 iterations. 

Completed 700 iterations. 

Completed 800 iterations. 

Completed 900 iterations. 

Completed 1000 iterations. 

Completed 1100 iterations. 

Completed 1200 iterations. 

Completed 1300 iterations. 

Completed 1400 iterations. 

Completed 1500 iterations. 

Completed 1600 iterations. 

Completed 1700 iterations. 

Completed 1800 iterations. 

Completed 1900 iterations. 

For the training with 15000data points:
Starting the predictions. 

On test set:
R^2: 0.959685363049
rmse (kJ/mol): 9.07260903298
mae (kJ/mol): 7.12691762483
The largest positive outlier (kJ/mol): 24.2682379239
The largest negative outlier (kJ/mol): 23.5782737965
Initialised the Coulomb matrix. 

Initialised the Coulomb matrix. 

Initialised the Coulomb matrix. 

Starting the fitting process ... 

Completed 0 iterations. 

Completed 100 iterations. 

Completed 200 iterations. 

Completed 300 iterations. 

Completed 400 iterations. 

Completed 500 iterations. 

Completed 600 iterations. 

Completed 700 iterations. 

Completed 800 iterations. 

Completed 900 iterations. 

Completed 1000 iterations. 

Completed 1100 iterations. 

Completed 1200 iterations. 

Completed 1300 iterations. 

Completed 1400 iterations. 

Completed 1500 iterations. 

Completed 1600 iterations. 

Completed 1700 iterations. 

Completed 1800 iterations. 

Completed 1900 iterations. 

For the training with 17000data points:
Starting the predictions. 

On test set:
R^2: 0.957808349394
rmse (kJ/mol): 9.28141256126
mae (kJ/mol): 7.23495234035
The largest positive outlier (kJ/mol): 25.0201924891
The largest negative outlier (kJ/mol): 22.7687468201
