/mnt/storage/home/sa16246/anaconda2/lib/python2.7/site-packages/sklearn/cross_validation.py:44: DeprecationWarning: This module was deprecated in version 0.18 in favor of the model_selection module into which all the refactored classes and functions are moved. Also note that the interface of the new CV iterators are different from that of this module. This module will be removed in 0.20.
  "This module will be removed in 0.20.", DeprecationWarning)
/mnt/storage/home/sa16246/anaconda2/lib/python2.7/site-packages/sklearn/grid_search.py:43: DeprecationWarning: This module was deprecated in version 0.18 in favor of the model_selection module into which all the refactored classes and functions are moved. This module will be removed in 0.20.
  DeprecationWarning)
======================================================================
= osprey is a tool for machine learning hyperparameter optimization. =
======================================================================

osprey version:      1.1.0
time:                July 09, 2017 11:11 AM
hostname:            gpu07.bc4.acrc.priv
cwd:                 /mnt/storage/home/sa16246/repositories/trainingNN/optimisation/PBE_B3LYP/PRCM/scal
pid:                 8859

Loading config file:     config.yaml...

Loading dataset...

Dataset contains 35502 element(s) with  labels
The elements have shape: [(28,), (28,), (28,), (28,), (28,), (28,), (28,), (28,), (28,), (28,), (28,), (28,), (28,), (28,), (28,), (28,), (28,), (28,), (28,), (28,), ...]
Instantiated estimator:
  MLPRegFlow(alpha=0.0001, batch_size='auto', beta_1=0.9, beta_2=0.999,
      early_stopping=False, epsilon=1e-08, hidden_layer_sizes=(45,),
      learning_rate='constant', learning_rate_init=0.001, max_iter=1000,
      momentum=0.9, n_units=None, nesterovs_momentum=True, power_t=0.5,
      random_state=None, shuffle=True, tol=0.0001, validation_fraction=0.1,
      verbose=False)
Hyperparameter search space:
  alpha                    	(float) 0.000010 <= x <  0.001000
  learning_rate_init       	(float) 0.000100 <= x <  0.000500
  batch_size               	(enum)    choices = (50, 111, 172, 233, 294, 355, 416, 477, 538, 600)
  n_units                  	(int)         30 <= x <= 80

----------------------------------------------------------------------
Beginning iteration                                              1 / 5
----------------------------------------------------------------------
Loading trials database: sqlite:///osprey-trials.db...
History contains: 0 trials
Choosing next hyperparameters with gp...
  {'alpha': 0.0003144932535723182, 'batch_size': 233, 'learning_rate_init': 0.0001493475575391691, 'n_units': 65}
(gp took 0.000 s)

Starting the fitting process ... 

2017-07-09 11:12:04.301076: W tensorflow/core/platform/cpu_feature_guard.cc:45] The TensorFlow library wasn't compiled to use SSE4.1 instructions, but these are available on your machine and could speed up CPU computations.
2017-07-09 11:12:04.301162: W tensorflow/core/platform/cpu_feature_guard.cc:45] The TensorFlow library wasn't compiled to use SSE4.2 instructions, but these are available on your machine and could speed up CPU computations.
2017-07-09 11:12:04.301179: W tensorflow/core/platform/cpu_feature_guard.cc:45] The TensorFlow library wasn't compiled to use AVX instructions, but these are available on your machine and could speed up CPU computations.
2017-07-09 11:12:04.301192: W tensorflow/core/platform/cpu_feature_guard.cc:45] The TensorFlow library wasn't compiled to use AVX2 instructions, but these are available on your machine and could speed up CPU computations.
2017-07-09 11:12:04.301205: W tensorflow/core/platform/cpu_feature_guard.cc:45] The TensorFlow library wasn't compiled to use FMA instructions, but these are available on your machine and could speed up CPU computations.
2017-07-09 11:12:04.310783: E tensorflow/stream_executor/cuda/cuda_driver.cc:406] failed call to cuInit: CUDA_ERROR_NO_DEVICE
2017-07-09 11:12:04.310849: I tensorflow/stream_executor/cuda/cuda_diagnostics.cc:158] retrieving CUDA diagnostic information for host: gpu07.bc4.acrc.priv
2017-07-09 11:12:04.312211: I tensorflow/stream_executor/cuda/cuda_diagnostics.cc:165] hostname: gpu07.bc4.acrc.priv
2017-07-09 11:12:04.312276: I tensorflow/stream_executor/cuda/cuda_diagnostics.cc:189] libcuda reported version is: 367.48.0
2017-07-09 11:12:04.312318: I tensorflow/stream_executor/cuda/cuda_diagnostics.cc:369] driver version file contents: """NVRM version: NVIDIA UNIX x86_64 Kernel Module  367.48  Sat Sep  3 18:21:08 PDT 2016
GCC version:  gcc version 4.8.5 20150623 (Red Hat 4.8.5-11) (GCC) 
"""
2017-07-09 11:12:04.312347: I tensorflow/stream_executor/cuda/cuda_diagnostics.cc:193] kernel reported version is: 367.48.0
2017-07-09 11:12:04.312363: I tensorflow/stream_executor/cuda/cuda_diagnostics.cc:300] kernel version seems to match DSO: 367.48.0
Completed 0 iterations. 

Completed 100 iterations. 

Completed 200 iterations. 

Completed 300 iterations. 

Completed 400 iterations. 

Completed 500 iterations. 

Completed 600 iterations. 

Completed 700 iterations. 

Completed 800 iterations. 

Completed 900 iterations. 

Starting the predictions. 

Starting the predictions. 

Starting the fitting process ... 

Completed 0 iterations. 

Completed 100 iterations. 

Completed 200 iterations. 

Completed 300 iterations. 

Completed 400 iterations. 

Completed 500 iterations. 

Completed 600 iterations. 

Completed 700 iterations. 

Completed 800 iterations. 

Completed 900 iterations. 

Starting the predictions. 

Starting the predictions. 

Starting the fitting process ... 

Completed 0 iterations. 

Completed 100 iterations. 

Completed 200 iterations. 

Completed 300 iterations. 

Completed 400 iterations. 

Completed 500 iterations. 

Completed 600 iterations. 

Completed 700 iterations. 

Completed 800 iterations. 

Completed 900 iterations. 

Starting the predictions. 

Starting the predictions. 

[Parallel(n_jobs=1)]: Done   3 out of   3 | elapsed:  3.6min finished
Loading trials database: sqlite:///osprey-trials.db...
~~~~~~~~~~~~~~~~~~~~~~~~~~~~~~~~~
Success! Model score = 0.889452
(best score so far   = 0.889452)
~~~~~~~~~~~~~~~~~~~~~~~~~~~~~~~~~

----------------------------------------------------------------------
Beginning iteration                                              2 / 5
----------------------------------------------------------------------
Loading trials database: sqlite:///osprey-trials.db...
History contains: 1 trials
Choosing next hyperparameters with gp...
  {'alpha': 0.0003399381132371886, 'batch_size': 233, 'learning_rate_init': 0.0003537720011386794, 'n_units': 58}
(gp took 0.000 s)

Starting the fitting process ... 

Completed 0 iterations. 

Completed 100 iterations. 

Completed 200 iterations. 

Completed 300 iterations. 

Completed 400 iterations. 

Completed 500 iterations. 

Completed 600 iterations. 

Completed 700 iterations. 

Completed 800 iterations. 

Completed 900 iterations. 

Starting the predictions. 

Starting the predictions. 

Starting the fitting process ... 

Completed 0 iterations. 

Completed 100 iterations. 

Completed 200 iterations. 

Completed 300 iterations. 

Completed 400 iterations. 

Completed 500 iterations. 

Completed 600 iterations. 

Completed 700 iterations. 

Completed 800 iterations. 

Completed 900 iterations. 

Starting the predictions. 

Starting the predictions. 

Starting the fitting process ... 

Completed 0 iterations. 

Completed 100 iterations. 

Completed 200 iterations. 

Completed 300 iterations. 

Completed 400 iterations. 

Completed 500 iterations. 

Completed 600 iterations. 

Completed 700 iterations. 

Completed 800 iterations. 

Completed 900 iterations. 

Starting the predictions. 

Starting the predictions. 

[Parallel(n_jobs=1)]: Done   3 out of   3 | elapsed:  3.3min finished
Loading trials database: sqlite:///osprey-trials.db...
~~~~~~~~~~~~~~~~~~~~~~~~~~~~~~~~~
Success! Model score = 0.918949
(best score so far   = 0.918949)
~~~~~~~~~~~~~~~~~~~~~~~~~~~~~~~~~

----------------------------------------------------------------------
Beginning iteration                                              3 / 5
----------------------------------------------------------------------
Loading trials database: sqlite:///osprey-trials.db...
History contains: 2 trials
Choosing next hyperparameters with gp...
  {'alpha': 0.0008938175845358701, 'batch_size': 538, 'learning_rate_init': 0.0004166990861167077, 'n_units': 51}
(gp took 0.000 s)

Starting the fitting process ... 

Completed 0 iterations. 

Completed 100 iterations. 

Completed 200 iterations. 

Completed 300 iterations. 

Completed 400 iterations. 

Completed 500 iterations. 

Completed 600 iterations. 

Completed 700 iterations. 

Completed 800 iterations. 

Completed 900 iterations. 

Starting the predictions. 

Starting the predictions. 

Starting the fitting process ... 

Completed 0 iterations. 

Completed 100 iterations. 

Completed 200 iterations. 

Completed 300 iterations. 

Completed 400 iterations. 

Completed 500 iterations. 

Completed 600 iterations. 

Completed 700 iterations. 

Completed 800 iterations. 

Completed 900 iterations. 

Starting the predictions. 

Starting the predictions. 

Starting the fitting process ... 

Completed 0 iterations. 

Completed 100 iterations. 

Completed 200 iterations. 

Completed 300 iterations. 

Completed 400 iterations. 

Completed 500 iterations. 

Completed 600 iterations. 

Completed 700 iterations. 

Completed 800 iterations. 

Completed 900 iterations. 

Starting the predictions. 

Starting the predictions. 

[Parallel(n_jobs=1)]: Done   3 out of   3 | elapsed:  1.9min finished
Loading trials database: sqlite:///osprey-trials.db...
~~~~~~~~~~~~~~~~~~~~~~~~~~~~~~~~~
Success! Model score = 0.899822
(best score so far   = 0.918949)
~~~~~~~~~~~~~~~~~~~~~~~~~~~~~~~~~

----------------------------------------------------------------------
Beginning iteration                                              4 / 5
----------------------------------------------------------------------
Loading trials database: sqlite:///osprey-trials.db...
History contains: 3 trials
Choosing next hyperparameters with gp...
  {'alpha': 0.00028360751305422195, 'batch_size': 477, 'learning_rate_init': 0.00016714099020513276, 'n_units': 80}
(gp took 0.000 s)

Starting the fitting process ... 

Completed 0 iterations. 

Completed 100 iterations. 

Completed 200 iterations. 

Completed 300 iterations. 

Completed 400 iterations. 

Completed 500 iterations. 

Completed 600 iterations. 

Completed 700 iterations. 

Completed 800 iterations. 

Completed 900 iterations. 

Starting the predictions. 

Starting the predictions. 

Starting the fitting process ... 

Completed 0 iterations. 

Completed 100 iterations. 

Completed 200 iterations. 

Completed 300 iterations. 

Completed 400 iterations. 

Completed 500 iterations. 

Completed 600 iterations. 

Completed 700 iterations. 

Completed 800 iterations. 

Completed 900 iterations. 

Starting the predictions. 

Starting the predictions. 

Starting the fitting process ... 

Completed 0 iterations. 

Completed 100 iterations. 

Completed 200 iterations. 

Completed 300 iterations. 

Completed 400 iterations. 

Completed 500 iterations. 

Completed 600 iterations. 

Completed 700 iterations. 

Completed 800 iterations. 

Completed 900 iterations. 

Starting the predictions. 

Starting the predictions. 

[Parallel(n_jobs=1)]: Done   3 out of   3 | elapsed:  2.2min finished
Loading trials database: sqlite:///osprey-trials.db...
~~~~~~~~~~~~~~~~~~~~~~~~~~~~~~~~~
Success! Model score = 0.858048
(best score so far   = 0.918949)
~~~~~~~~~~~~~~~~~~~~~~~~~~~~~~~~~

----------------------------------------------------------------------
Beginning iteration                                              5 / 5
----------------------------------------------------------------------
Loading trials database: sqlite:///osprey-trials.db...
History contains: 4 trials
Choosing next hyperparameters with gp...
  {'alpha': 0.0006713007579988834, 'batch_size': 50, 'learning_rate_init': 0.0004456474644236288, 'n_units': 73}
(gp took 0.000 s)

Starting the fitting process ... 

Completed 0 iterations. 

Completed 100 iterations. 

Completed 200 iterations. 

Completed 300 iterations. 

Completed 400 iterations. 

Completed 500 iterations. 

Completed 600 iterations. 

Completed 700 iterations. 

Completed 800 iterations. 

Completed 900 iterations. 

Starting the predictions. 

Starting the predictions. 

Starting the fitting process ... 

Completed 0 iterations. 

Completed 100 iterations. 

Completed 200 iterations. 

Completed 300 iterations. 

Completed 400 iterations. 

Completed 500 iterations. 

Completed 600 iterations. 

Completed 700 iterations. 

Completed 800 iterations. 

Completed 900 iterations. 

Starting the predictions. 

Starting the predictions. 

Starting the fitting process ... 

Completed 0 iterations. 

Completed 100 iterations. 

Completed 200 iterations. 

Completed 300 iterations. 

Completed 400 iterations. 

Completed 500 iterations. 

Completed 600 iterations. 

Completed 700 iterations. 

Completed 800 iterations. 

Completed 900 iterations. 

Starting the predictions. 

Starting the predictions. 

[Parallel(n_jobs=1)]: Done   3 out of   3 | elapsed: 11.0min finished
Loading trials database: sqlite:///osprey-trials.db...
~~~~~~~~~~~~~~~~~~~~~~~~~~~~~~~~~
Success! Model score = 0.892870
(best score so far   = 0.918949)
~~~~~~~~~~~~~~~~~~~~~~~~~~~~~~~~~

5/5 models fit successfully.
time:         July 09, 2017 11:34 AM
elapsed:      22 minutes, 18 seconds.
osprey worker exiting.
