/mnt/storage/home/sa16246/anaconda2/lib/python2.7/site-packages/sklearn/cross_validation.py:44: DeprecationWarning: This module was deprecated in version 0.18 in favor of the model_selection module into which all the refactored classes and functions are moved. Also note that the interface of the new CV iterators are different from that of this module. This module will be removed in 0.20.
  "This module will be removed in 0.20.", DeprecationWarning)
/mnt/storage/home/sa16246/anaconda2/lib/python2.7/site-packages/sklearn/grid_search.py:43: DeprecationWarning: This module was deprecated in version 0.18 in favor of the model_selection module into which all the refactored classes and functions are moved. This module will be removed in 0.20.
  DeprecationWarning)
/mnt/storage/home/sa16246/anaconda2/lib/python2.7/site-packages/sklearn/cross_validation.py:44: DeprecationWarning: This module was deprecated in version 0.18 in favor of the model_selection module into which all the refactored classes and functions are moved. Also note that the interface of the new CV iterators are different from that of this module. This module will be removed in 0.20.
  "This module will be removed in 0.20.", DeprecationWarning)
/mnt/storage/home/sa16246/anaconda2/lib/python2.7/site-packages/sklearn/grid_search.py:43: DeprecationWarning: This module was deprecated in version 0.18 in favor of the model_selection module into which all the refactored classes and functions are moved. This module will be removed in 0.20.
  DeprecationWarning)
======================================================================
= osprey is a tool for machine learning hyperparameter optimization. =
======================================================================

osprey version:      1.1.0
time:                July 09, 2017 12:38 PM
hostname:            gpu07.bc4.acrc.priv
cwd:                 /mnt/storage/home/sa16246/repositories/trainingNN/optimisation/PBE_B3LYP/PRCM/scal
pid:                 10299

======================================================================
= osprey is a tool for machine learning hyperparameter optimization. =
======================================================================

osprey version:      1.1.0
time:                July 09, 2017 12:38 PM
hostname:            gpu10.bc4.acrc.priv
cwd:                 /mnt/storage/home/sa16246/repositories/trainingNN/optimisation/PBE_B3LYP/PRCM/scal
pid:                 18298

Loading config file:     config.yaml...
Loading config file:     config.yaml...

Loading dataset...


Loading dataset...

Dataset contains 71004 element(s) with  labels
The elements have shape: [(28,), (28,), (28,), (28,), (28,), (28,), (28,), (28,), (28,), (28,), (28,), (28,), (28,), (28,), (28,), (28,), (28,), (28,), (28,), (28,), ...]
Instantiated estimator:
  MLPRegFlow(alpha=0.0001, batch_size='auto', beta_1=0.9, beta_2=0.999,
      early_stopping=False, epsilon=1e-08, hidden_layer_sizes=(45,),
      learning_rate='constant', learning_rate_init=0.001, max_iter=1000,
      momentum=0.9, n_units=None, nesterovs_momentum=True, power_t=0.5,
      random_state=None, shuffle=True, tol=0.0001, validation_fraction=0.1,
      verbose=False)
Hyperparameter search space:
  alpha                    	(float) 0.000010 <= x <  0.001000
  learning_rate_init       	(float) 0.000100 <= x <  0.000500
  batch_size               	(enum)    choices = (50, 111, 172, 233, 294, 355, 416, 477, 538, 600)
  n_units                  	(int)         30 <= x <= 80

----------------------------------------------------------------------
Beginning iteration                                              1 / 5
----------------------------------------------------------------------
Loading trials database: sqlite:///osprey-trials.db...
Dataset contains 71004 element(s) with  labels
The elements have shape: [(28,), (28,), (28,), (28,), (28,), (28,), (28,), (28,), (28,), (28,), (28,), (28,), (28,), (28,), (28,), (28,), (28,), (28,), (28,), (28,), ...]
Instantiated estimator:
  MLPRegFlow(alpha=0.0001, batch_size='auto', beta_1=0.9, beta_2=0.999,
      early_stopping=False, epsilon=1e-08, hidden_layer_sizes=(45,),
      learning_rate='constant', learning_rate_init=0.001, max_iter=1000,
      momentum=0.9, n_units=None, nesterovs_momentum=True, power_t=0.5,
      random_state=None, shuffle=True, tol=0.0001, validation_fraction=0.1,
      verbose=False)
Hyperparameter search space:
  alpha                    	(float) 0.000010 <= x <  0.001000
  learning_rate_init       	(float) 0.000100 <= x <  0.000500
  batch_size               	(enum)    choices = (50, 111, 172, 233, 294, 355, 416, 477, 538, 600)
  n_units                  	(int)         30 <= x <= 80

----------------------------------------------------------------------
Beginning iteration                                              1 / 5
----------------------------------------------------------------------
Loading trials database: sqlite:///osprey-trials.db...
History contains: 5 trials
Choosing next hyperparameters with gp...
History contains: 5 trials
Choosing next hyperparameters with gp...
  {'alpha': 0.00087212320802357627, 'batch_size': 355, 'learning_rate_init': 0.00027910969176244647, 'n_units': 73}
(gp took 10.937 s)

Starting the fitting process ... 

2017-07-09 12:38:45.572799: W tensorflow/core/platform/cpu_feature_guard.cc:45] The TensorFlow library wasn't compiled to use SSE4.1 instructions, but these are available on your machine and could speed up CPU computations.
2017-07-09 12:38:45.572833: W tensorflow/core/platform/cpu_feature_guard.cc:45] The TensorFlow library wasn't compiled to use SSE4.2 instructions, but these are available on your machine and could speed up CPU computations.
2017-07-09 12:38:45.572840: W tensorflow/core/platform/cpu_feature_guard.cc:45] The TensorFlow library wasn't compiled to use AVX instructions, but these are available on your machine and could speed up CPU computations.
2017-07-09 12:38:45.572845: W tensorflow/core/platform/cpu_feature_guard.cc:45] The TensorFlow library wasn't compiled to use AVX2 instructions, but these are available on your machine and could speed up CPU computations.
2017-07-09 12:38:45.572849: W tensorflow/core/platform/cpu_feature_guard.cc:45] The TensorFlow library wasn't compiled to use FMA instructions, but these are available on your machine and could speed up CPU computations.
2017-07-09 12:38:45.602546: E tensorflow/stream_executor/cuda/cuda_driver.cc:406] failed call to cuInit: CUDA_ERROR_NO_DEVICE
2017-07-09 12:38:45.602596: I tensorflow/stream_executor/cuda/cuda_diagnostics.cc:158] retrieving CUDA diagnostic information for host: gpu10.bc4.acrc.priv
2017-07-09 12:38:45.602604: I tensorflow/stream_executor/cuda/cuda_diagnostics.cc:165] hostname: gpu10.bc4.acrc.priv
2017-07-09 12:38:45.602656: I tensorflow/stream_executor/cuda/cuda_diagnostics.cc:189] libcuda reported version is: 367.48.0
2017-07-09 12:38:45.602698: I tensorflow/stream_executor/cuda/cuda_diagnostics.cc:369] driver version file contents: """NVRM version: NVIDIA UNIX x86_64 Kernel Module  367.48  Sat Sep  3 18:21:08 PDT 2016
GCC version:  gcc version 4.8.5 20150623 (Red Hat 4.8.5-11) (GCC) 
"""
2017-07-09 12:38:45.602734: I tensorflow/stream_executor/cuda/cuda_diagnostics.cc:193] kernel reported version is: 367.48.0
2017-07-09 12:38:45.602740: I tensorflow/stream_executor/cuda/cuda_diagnostics.cc:300] kernel version seems to match DSO: 367.48.0
Completed 0 iterations. 

  {'alpha': 0.00087212308210914949, 'batch_size': 355, 'learning_rate_init': 0.00027910968043148604, 'n_units': 73}
(gp took 13.024 s)

Starting the fitting process ... 

2017-07-09 12:38:47.686303: W tensorflow/core/platform/cpu_feature_guard.cc:45] The TensorFlow library wasn't compiled to use SSE4.1 instructions, but these are available on your machine and could speed up CPU computations.
2017-07-09 12:38:47.686338: W tensorflow/core/platform/cpu_feature_guard.cc:45] The TensorFlow library wasn't compiled to use SSE4.2 instructions, but these are available on your machine and could speed up CPU computations.
2017-07-09 12:38:47.686344: W tensorflow/core/platform/cpu_feature_guard.cc:45] The TensorFlow library wasn't compiled to use AVX instructions, but these are available on your machine and could speed up CPU computations.
2017-07-09 12:38:47.686349: W tensorflow/core/platform/cpu_feature_guard.cc:45] The TensorFlow library wasn't compiled to use AVX2 instructions, but these are available on your machine and could speed up CPU computations.
2017-07-09 12:38:47.686354: W tensorflow/core/platform/cpu_feature_guard.cc:45] The TensorFlow library wasn't compiled to use FMA instructions, but these are available on your machine and could speed up CPU computations.
2017-07-09 12:38:47.708509: E tensorflow/stream_executor/cuda/cuda_driver.cc:406] failed call to cuInit: CUDA_ERROR_NO_DEVICE
2017-07-09 12:38:47.708575: I tensorflow/stream_executor/cuda/cuda_diagnostics.cc:158] retrieving CUDA diagnostic information for host: gpu07.bc4.acrc.priv
2017-07-09 12:38:47.708582: I tensorflow/stream_executor/cuda/cuda_diagnostics.cc:165] hostname: gpu07.bc4.acrc.priv
2017-07-09 12:38:47.708629: I tensorflow/stream_executor/cuda/cuda_diagnostics.cc:189] libcuda reported version is: 367.48.0
2017-07-09 12:38:47.708659: I tensorflow/stream_executor/cuda/cuda_diagnostics.cc:369] driver version file contents: """NVRM version: NVIDIA UNIX x86_64 Kernel Module  367.48  Sat Sep  3 18:21:08 PDT 2016
GCC version:  gcc version 4.8.5 20150623 (Red Hat 4.8.5-11) (GCC) 
"""
2017-07-09 12:38:47.708679: I tensorflow/stream_executor/cuda/cuda_diagnostics.cc:193] kernel reported version is: 367.48.0
2017-07-09 12:38:47.708686: I tensorflow/stream_executor/cuda/cuda_diagnostics.cc:300] kernel version seems to match DSO: 367.48.0
Completed 0 iterations. 

Completed 100 iterations. 

Completed 100 iterations. 

Completed 200 iterations. 

Completed 200 iterations. 

Completed 300 iterations. 

Completed 300 iterations. 

Completed 400 iterations. 

Completed 400 iterations. 

Completed 500 iterations. 

Completed 500 iterations. 

Completed 600 iterations. 

Completed 600 iterations. 

Completed 700 iterations. 

Completed 700 iterations. 

